Change Component Physical Designator: Old Designator=C1 New Designator=C5
Change Component Physical Designator: Old Designator=C2 New Designator=C1
Change Component Physical Designator: Old Designator=C5 New Designator=C6
Change Component Physical Designator: Old Designator=C6 New Designator=C2
Change Component Physical Designator: Old Designator=C100 New Designator=C7
Change Component Physical Designator: Old Designator=D1 New Designator=D7
Change Component Physical Designator: Old Designator=D2 New Designator=D6
Change Component Physical Designator: Old Designator=D3 New Designator=D5
Change Component Physical Designator: Old Designator=D5 New Designator=D1
Change Component Physical Designator: Old Designator=D6 New Designator=D3
Change Component Physical Designator: Old Designator=D7 New Designator=D2
Change Component Physical Designator: Old Designator=K1 New Designator=K2
Change Component Physical Designator: Old Designator=K2 New Designator=K1
Change Component Physical Designator: Old Designator=P2 New Designator=P7
Change Component Physical Designator: Old Designator=P3 New Designator=P8
Change Component Physical Designator: Old Designator=P5 New Designator=P3
Change Component Physical Designator: Old Designator=P6 New Designator=P5
Change Component Physical Designator: Old Designator=P7 New Designator=P6
Change Component Physical Designator: Old Designator=P8 New Designator=P9
Change Component Physical Designator: Old Designator=P9 New Designator=P10
Change Component Physical Designator: Old Designator=P10 New Designator=P2
Change Component Physical Designator: Old Designator=P11 New Designator=P12
Change Component Physical Designator: Old Designator=P12 New Designator=P11
Change Component Physical Designator: Old Designator=Q1 New Designator=Q2
Change Component Physical Designator: Old Designator=Q2 New Designator=Q1
Change Component Physical Designator: Old Designator=R1 New Designator=R7
Change Component Physical Designator: Old Designator=R2 New Designator=R5
Change Component Physical Designator: Old Designator=R3 New Designator=R6
Change Component Physical Designator: Old Designator=R4 New Designator=R8
Change Component Physical Designator: Old Designator=R5 New Designator=R9
Change Component Physical Designator: Old Designator=R6 New Designator=R4
Change Component Physical Designator: Old Designator=R7 New Designator=R2
Change Component Physical Designator: Old Designator=R8 New Designator=R10
Change Component Physical Designator: Old Designator=R9 New Designator=R3
Change Component Physical Designator: Old Designator=R10 New Designator=R1
