Change Component Physical Designator: Old Designator=C1_Ux1 New Designator=C1.2.1
Change Component Physical Designator: Old Designator=C1_Ux2 New Designator=C1.2.2
Change Component Physical Designator: Old Designator=C2_Ux1 New Designator=C2.2.1
Change Component Physical Designator: Old Designator=C2_Ux2 New Designator=C2.2.2
Change Component Physical Designator: Old Designator=C3 New Designator=C3.1
Change Component Physical Designator: Old Designator=D1_Urel1 New Designator=D1.3.1
Change Component Physical Designator: Old Designator=D1_Urel2 New Designator=D1.3.2
Change Component Physical Designator: Old Designator=D2_Ux1 New Designator=D2.2.1
Change Component Physical Designator: Old Designator=D2_Ux2 New Designator=D2.2.2
Change Component Physical Designator: Old Designator=D3_Ux1 New Designator=D3.2.1
Change Component Physical Designator: Old Designator=D3_Ux2 New Designator=D3.2.2
Change Component Physical Designator: Old Designator=D4 New Designator=D4.1
Change Component Physical Designator: Old Designator=F1 New Designator=F1.1
Change Component Physical Designator: Old Designator=K1_Urel1 New Designator=K1.3.1
Change Component Physical Designator: Old Designator=K1_Urel2 New Designator=K1.3.2
Change Component Physical Designator: Old Designator=L1_Ux1 New Designator=L1.2.1
Change Component Physical Designator: Old Designator=L1_Ux2 New Designator=L1.2.2
Change Component Physical Designator: Old Designator=P1 New Designator=P1.1
Change Component Physical Designator: Old Designator=P2 New Designator=P2.1
Change Component Physical Designator: Old Designator=P3 New Designator=P3.1
Change Component Physical Designator: Old Designator=P4_FET2 New Designator=P4.4.1
Change Component Physical Designator: Old Designator=P4_FET3 New Designator=P4.4.2
Change Component Physical Designator: Old Designator=P4_Ufet1 New Designator=P4.4.3
Change Component Physical Designator: Old Designator=P5 New Designator=P5.1
Change Component Physical Designator: Old Designator=P6 New Designator=P6.1
Change Component Physical Designator: Old Designator=P7 New Designator=P7.1
Change Component Physical Designator: Old Designator=P8 New Designator=P8.1
Change Component Physical Designator: Old Designator=P9 New Designator=P9.1
Change Component Physical Designator: Old Designator=Q1_Urel1 New Designator=Q1.3.1
Change Component Physical Designator: Old Designator=Q1_Urel2 New Designator=Q1.3.2
Change Component Physical Designator: Old Designator=R1_FET2 New Designator=R1.4.1
Change Component Physical Designator: Old Designator=R1_FET3 New Designator=R1.4.2
Change Component Physical Designator: Old Designator=R1_Ufet1 New Designator=R1.4.3
Change Component Physical Designator: Old Designator=R2_FET2 New Designator=R2.4.1
Change Component Physical Designator: Old Designator=R2_FET3 New Designator=R2.4.2
Change Component Physical Designator: Old Designator=R2_Ufet1 New Designator=R2.4.3
Change Component Physical Designator: Old Designator=R3_Ux1 New Designator=R3.2.1
Change Component Physical Designator: Old Designator=R3_Ux2 New Designator=R3.2.2
Change Component Physical Designator: Old Designator=R4_Ux1 New Designator=R4.2.1
Change Component Physical Designator: Old Designator=R4_Ux2 New Designator=R4.2.2
Change Component Physical Designator: Old Designator=U1_FET2 New Designator=U1.4.1
Change Component Physical Designator: Old Designator=U1_FET3 New Designator=U1.4.2
Change Component Physical Designator: Old Designator=U1_Ufet1 New Designator=U1.4.3
