Change Component Physical Designator: Old Designator=C1.2.1 New Designator=C3
Change Component Physical Designator: Old Designator=C1.2.2 New Designator=C4
Change Component Physical Designator: Old Designator=C2.2.1 New Designator=C1
Change Component Physical Designator: Old Designator=C2.2.2 New Designator=C2
Change Component Physical Designator: Old Designator=C3.1 New Designator=C5
Change Component Physical Designator: Old Designator=D1.3.1 New Designator=D2
Change Component Physical Designator: Old Designator=D1.3.2 New Designator=D3
Change Component Physical Designator: Old Designator=D2.2.1 New Designator=D6
Change Component Physical Designator: Old Designator=D2.2.2 New Designator=D7
Change Component Physical Designator: Old Designator=D3.2.1 New Designator=D4
Change Component Physical Designator: Old Designator=D3.2.2 New Designator=D5
Change Component Physical Designator: Old Designator=D4.1 New Designator=D1
Change Component Physical Designator: Old Designator=F1.1 New Designator=F1
Change Component Physical Designator: Old Designator=K1.3.1 New Designator=K1
Change Component Physical Designator: Old Designator=K1.3.2 New Designator=K2
Change Component Physical Designator: Old Designator=L1.2.1 New Designator=L1
Change Component Physical Designator: Old Designator=L1.2.2 New Designator=L2
Change Component Physical Designator: Old Designator=P1.1 New Designator=P2
Change Component Physical Designator: Old Designator=P2.1 New Designator=P1
Change Component Physical Designator: Old Designator=P3.1 New Designator=P3
Change Component Physical Designator: Old Designator=P4.4.1 New Designator=P7
Change Component Physical Designator: Old Designator=P4.4.2 New Designator=P8
Change Component Physical Designator: Old Designator=P4.4.3 New Designator=P9
Change Component Physical Designator: Old Designator=P5.1 New Designator=P11
Change Component Physical Designator: Old Designator=P6.1 New Designator=P4
Change Component Physical Designator: Old Designator=P7.1 New Designator=P10
Change Component Physical Designator: Old Designator=P8.1 New Designator=P6
Change Component Physical Designator: Old Designator=P9.1 New Designator=P5
Change Component Physical Designator: Old Designator=Q1.3.1 New Designator=Q1
Change Component Physical Designator: Old Designator=Q1.3.2 New Designator=Q2
Change Component Physical Designator: Old Designator=R1.4.1 New Designator=R1
Change Component Physical Designator: Old Designator=R1.4.2 New Designator=R2
Change Component Physical Designator: Old Designator=R1.4.3 New Designator=R3
Change Component Physical Designator: Old Designator=R2.4.1 New Designator=R6
Change Component Physical Designator: Old Designator=R2.4.2 New Designator=R7
Change Component Physical Designator: Old Designator=R2.4.3 New Designator=R8
Change Component Physical Designator: Old Designator=R3.2.1 New Designator=R9
Change Component Physical Designator: Old Designator=R3.2.2 New Designator=R10
Change Component Physical Designator: Old Designator=R4.2.1 New Designator=R4
Change Component Physical Designator: Old Designator=R4.2.2 New Designator=R5
Change Component Physical Designator: Old Designator=U1.4.1 New Designator=U1
Change Component Physical Designator: Old Designator=U1.4.2 New Designator=U2
Change Component Physical Designator: Old Designator=U1.4.3 New Designator=U3
