Change Component Physical Designator: Old Designator=C1 New Designator=C1.1
Change Component Physical Designator: Old Designator=C1.1 New Designator=C7.17
Change Component Physical Designator: Old Designator=C1.7 New Designator=C1.2
Change Component Physical Designator: Old Designator=C2 New Designator=C2.1
Change Component Physical Designator: Old Designator=C2.1 New Designator=C8.17
Change Component Physical Designator: Old Designator=C2.7 New Designator=C2.2
Change Component Physical Designator: Old Designator=C3 New Designator=C3.1
Change Component Physical Designator: Old Designator=C3.2 New Designator=C9.18
Change Component Physical Designator: Old Designator=C4 New Designator=C4.1
Change Component Physical Designator: Old Designator=C4.5 New Designator=C10.21
Change Component Physical Designator: Old Designator=C5 New Designator=C5.1
Change Component Physical Designator: Old Designator=C5.5 New Designator=C11.21
Change Component Physical Designator: Old Designator=C6 New Designator=C6.1
Change Component Physical Designator: Old Designator=C6.5 New Designator=C12.21
Change Component Physical Designator: Old Designator=C6.8 New Designator=C6.3
Change Component Physical Designator: Old Designator=C7.5 New Designator=C13.21
Change Component Physical Designator: Old Designator=C8.21 New Designator=C14.7
Change Component Physical Designator: Old Designator=C9.21 New Designator=C15.7
Change Component Physical Designator: Old Designator=C10.21 New Designator=C16.7
Change Component Physical Designator: Old Designator=C11.21 New Designator=C17.7
Change Component Physical Designator: Old Designator=C12.21 New Designator=C18.7
Change Component Physical Designator: Old Designator=C13.4 New Designator=C19.20
Change Component Physical Designator: Old Designator=C14.10 New Designator=C20.5
Change Component Physical Designator: Old Designator=C14.11 New Designator=C20.23
Change Component Physical Designator: Old Designator=C14.12 New Designator=C20.6
Change Component Physical Designator: Old Designator=C15.10 New Designator=C21.5
Change Component Physical Designator: Old Designator=C15.11 New Designator=C21.23
Change Component Physical Designator: Old Designator=C15.12 New Designator=C21.6
Change Component Physical Designator: Old Designator=C16.10 New Designator=C22.5
Change Component Physical Designator: Old Designator=C16.11 New Designator=C22.23
Change Component Physical Designator: Old Designator=C16.12 New Designator=C22.6
Change Component Physical Designator: Old Designator=D1.9 New Designator=D1.8
Change Component Physical Designator: Old Designator=D2.21 New Designator=D2.7
Change Component Physical Designator: Old Designator=D3.22 New Designator=D3.4
Change Component Physical Designator: Old Designator=D4.22 New Designator=D4.4
Change Component Physical Designator: Old Designator=D5.22 New Designator=D5.4
Change Component Physical Designator: Old Designator=D6.22 New Designator=D6.4
Change Component Physical Designator: Old Designator=D7.22 New Designator=D7.4
Change Component Physical Designator: Old Designator=F1.9 New Designator=F1.8
Change Component Physical Designator: Old Designator=L1.21 New Designator=L1.7
Change Component Physical Designator: Old Designator=P1.1 New Designator=P1.17
Change Component Physical Designator: Old Designator=P1.8 New Designator=P1.3
Change Component Physical Designator: Old Designator=P2.5 New Designator=P2.21
Change Component Physical Designator: Old Designator=P3.9 New Designator=P3.8
Change Component Physical Designator: Old Designator=P4.13 New Designator=P4.9
Change Component Physical Designator: Old Designator=P4.14 New Designator=P4.10
Change Component Physical Designator: Old Designator=P4.15 New Designator=P4.11
Change Component Physical Designator: Old Designator=P4.16 New Designator=P4.12
Change Component Physical Designator: Old Designator=P4.17 New Designator=P4.13
Change Component Physical Designator: Old Designator=P4.18 New Designator=P4.14
Change Component Physical Designator: Old Designator=P4.19 New Designator=P4.15
Change Component Physical Designator: Old Designator=P4.20 New Designator=P4.16
Change Component Physical Designator: Old Designator=P5.21 New Designator=P5.7
Change Component Physical Designator: Old Designator=P6.21 New Designator=P6.7
Change Component Physical Designator: Old Designator=P7.23 New Designator=P7.22
Change Component Physical Designator: Old Designator=P8.4 New Designator=P8.20
Change Component Physical Designator: Old Designator=P9.4 New Designator=P9.20
Change Component Physical Designator: Old Designator=R1 New Designator=R1.1
Change Component Physical Designator: Old Designator=R1.2 New Designator=R2.18
Change Component Physical Designator: Old Designator=R1.7 New Designator=R1.2
Change Component Physical Designator: Old Designator=R1.8 New Designator=R1.3
Change Component Physical Designator: Old Designator=R2.2 New Designator=R3.18
Change Component Physical Designator: Old Designator=R3.5 New Designator=R4.21
Change Component Physical Designator: Old Designator=R4.5 New Designator=R5.21
Change Component Physical Designator: Old Designator=R5.13 New Designator=R6.9
Change Component Physical Designator: Old Designator=R5.14 New Designator=R6.10
Change Component Physical Designator: Old Designator=R5.15 New Designator=R6.11
Change Component Physical Designator: Old Designator=R5.16 New Designator=R6.12
Change Component Physical Designator: Old Designator=R5.17 New Designator=R6.13
Change Component Physical Designator: Old Designator=R5.18 New Designator=R6.14
Change Component Physical Designator: Old Designator=R5.19 New Designator=R6.15
Change Component Physical Designator: Old Designator=R5.20 New Designator=R6.16
Change Component Physical Designator: Old Designator=R6.13 New Designator=R7.9
Change Component Physical Designator: Old Designator=R6.14 New Designator=R7.10
Change Component Physical Designator: Old Designator=R6.15 New Designator=R7.11
Change Component Physical Designator: Old Designator=R6.16 New Designator=R7.12
Change Component Physical Designator: Old Designator=R6.17 New Designator=R7.13
Change Component Physical Designator: Old Designator=R6.18 New Designator=R7.14
Change Component Physical Designator: Old Designator=R6.19 New Designator=R7.15
Change Component Physical Designator: Old Designator=R6.20 New Designator=R7.16
Change Component Physical Designator: Old Designator=R7.22 New Designator=R8.4
Change Component Physical Designator: Old Designator=R8.22 New Designator=R9.4
Change Component Physical Designator: Old Designator=R9.22 New Designator=R10.4
Change Component Physical Designator: Old Designator=R10.22 New Designator=R11.4
Change Component Physical Designator: Old Designator=R11.22 New Designator=R12.4
Change Component Physical Designator: Old Designator=R12.22 New Designator=R13.4
Change Component Physical Designator: Old Designator=SW1.6 New Designator=SW1.1
Change Component Physical Designator: Old Designator=SW2.22 New Designator=SW2.4
Change Component Physical Designator: Old Designator=SW3.22 New Designator=SW3.4
Change Component Physical Designator: Old Designator=SW4.22 New Designator=SW4.4
Change Component Physical Designator: Old Designator=U1 New Designator=U1.1
Change Component Physical Designator: Old Designator=U1.1 New Designator=U2.17
Change Component Physical Designator: Old Designator=U2.5 New Designator=U3.21
Change Component Physical Designator: Old Designator=U3.21 New Designator=U4.7
Change Component Physical Designator: Old Designator=U4.22 New Designator=U5.4
Change Component Physical Designator: Old Designator=U5.23 New Designator=U6.22
Change Component Physical Designator: Old Designator=U6.10 New Designator=U7.5
Change Component Physical Designator: Old Designator=U6.11 New Designator=U7.23
Change Component Physical Designator: Old Designator=U6.12 New Designator=U7.6
Change Component Physical Designator: Old Designator=U7.3 New Designator=U8.19
Change Component Physical Designator: Old Designator=Y1.7 New Designator=Y1.2
