Change Component Physical Designator: Old Designator=C1.3 New Designator=C9
Change Component Physical Designator: Old Designator=C2.3 New Designator=C4
Change Component Physical Designator: Old Designator=C3.3 New Designator=C3
Change Component Physical Designator: Old Designator=C4.3 New Designator=C2
Change Component Physical Designator: Old Designator=C5.1 New Designator=C15
Change Component Physical Designator: Old Designator=C6.1 New Designator=C12
Change Component Physical Designator: Old Designator=C6.4 New Designator=C1
Change Component Physical Designator: Old Designator=C7.2 New Designator=C10
Change Component Physical Designator: Old Designator=C8.2 New Designator=C13
Change Component Physical Designator: Old Designator=C9.2 New Designator=C7
Change Component Physical Designator: Old Designator=C10.2 New Designator=C6
Change Component Physical Designator: Old Designator=C11.5 New Designator=C8
Change Component Physical Designator: Old Designator=C12.5 New Designator=C11
Change Component Physical Designator: Old Designator=C13.5 New Designator=C14
Change Component Physical Designator: Old Designator=C14 New Designator=C5
Change Component Physical Designator: Old Designator=C15 New Designator=C16
Change Component Physical Designator: Old Designator=P1.3 New Designator=P5
Change Component Physical Designator: Old Designator=P1.4 New Designator=P1
Change Component Physical Designator: Old Designator=P2.3 New Designator=P2
Change Component Physical Designator: Old Designator=P3.3 New Designator=P4
Change Component Physical Designator: Old Designator=P5.2 New Designator=P3
Change Component Physical Designator: Old Designator=R1.3 New Designator=R10
Change Component Physical Designator: Old Designator=R1.4 New Designator=R3
Change Component Physical Designator: Old Designator=R2.3 New Designator=R8
Change Component Physical Designator: Old Designator=R3.3 New Designator=R9
Change Component Physical Designator: Old Designator=R4.3 New Designator=R7
Change Component Physical Designator: Old Designator=R5.3 New Designator=R12
Change Component Physical Designator: Old Designator=R6.3 New Designator=R11
Change Component Physical Designator: Old Designator=R7.3 New Designator=R13
Change Component Physical Designator: Old Designator=R8.3 New Designator=R14
Change Component Physical Designator: Old Designator=R9.3 New Designator=R15
Change Component Physical Designator: Old Designator=R10.3 New Designator=R16
Change Component Physical Designator: Old Designator=R11.3 New Designator=R6
Change Component Physical Designator: Old Designator=R12.3 New Designator=R5
Change Component Physical Designator: Old Designator=R13.3 New Designator=R4
Change Component Physical Designator: Old Designator=R14.2 New Designator=R1
Change Component Physical Designator: Old Designator=R15.2 New Designator=R2
Change Component Physical Designator: Old Designator=U1.3 New Designator=U3
Change Component Physical Designator: Old Designator=U2 New Designator=U1
Change Component Physical Designator: Old Designator=U3.1 New Designator=U4
Change Component Physical Designator: Old Designator=U4.2 New Designator=U2
Change Component Physical Designator: Old Designator=U5.5 New Designator=U5
