Change Component Physical Designator: Old Designator=C1.1 New Designator=C9
Change Component Physical Designator: Old Designator=C1.2 New Designator=C2
Change Component Physical Designator: Old Designator=C2.1 New Designator=C11
Change Component Physical Designator: Old Designator=C2.2 New Designator=C4
Change Component Physical Designator: Old Designator=C3.1 New Designator=C20
Change Component Physical Designator: Old Designator=C4.1 New Designator=C21
Change Component Physical Designator: Old Designator=C5.1 New Designator=C7
Change Component Physical Designator: Old Designator=C6.1 New Designator=C8
Change Component Physical Designator: Old Designator=C6.3 New Designator=C3
Change Component Physical Designator: Old Designator=C7.18 New Designator=C27
Change Component Physical Designator: Old Designator=C8.18 New Designator=C28
Change Component Physical Designator: Old Designator=C9.19 New Designator=C1
Change Component Physical Designator: Old Designator=C10.22 New Designator=C19
Change Component Physical Designator: Old Designator=C11.22 New Designator=C17
Change Component Physical Designator: Old Designator=C12.22 New Designator=C22
Change Component Physical Designator: Old Designator=C13.22 New Designator=C18
Change Component Physical Designator: Old Designator=C14.7 New Designator=C10
Change Component Physical Designator: Old Designator=C15.7 New Designator=C15
Change Component Physical Designator: Old Designator=C16.7 New Designator=C14
Change Component Physical Designator: Old Designator=C17.7 New Designator=C5
Change Component Physical Designator: Old Designator=C18.7 New Designator=C6
Change Component Physical Designator: Old Designator=C19.21 New Designator=C23
Change Component Physical Designator: Old Designator=C20.5 New Designator=C13
Change Component Physical Designator: Old Designator=C20.6 New Designator=C25
Change Component Physical Designator: Old Designator=C20.24 New Designator=C31
Change Component Physical Designator: Old Designator=C21.5 New Designator=C16
Change Component Physical Designator: Old Designator=C21.6 New Designator=C26
Change Component Physical Designator: Old Designator=C21.24 New Designator=C30
Change Component Physical Designator: Old Designator=C22.5 New Designator=C12
Change Component Physical Designator: Old Designator=C22.6 New Designator=C24
Change Component Physical Designator: Old Designator=C22.24 New Designator=C29
Change Component Physical Designator: Old Designator=D1.8 New Designator=D1
Change Component Physical Designator: Old Designator=D2.7 New Designator=D6
Change Component Physical Designator: Old Designator=D3.4 New Designator=D4
Change Component Physical Designator: Old Designator=D4.4 New Designator=D7
Change Component Physical Designator: Old Designator=D5.4 New Designator=D3
Change Component Physical Designator: Old Designator=D6.4 New Designator=D2
Change Component Physical Designator: Old Designator=D7.4 New Designator=D5
Change Component Physical Designator: Old Designator=F1.8 New Designator=F1
Change Component Physical Designator: Old Designator=L1.7 New Designator=L1
Change Component Physical Designator: Old Designator=P1.3 New Designator=P3
Change Component Physical Designator: Old Designator=P1.18 New Designator=P13
Change Component Physical Designator: Old Designator=P2.22 New Designator=P15
Change Component Physical Designator: Old Designator=P3.8 New Designator=P1
Change Component Physical Designator: Old Designator=P4.9 New Designator=P2
Change Component Physical Designator: Old Designator=P4.10 New Designator=P9
Change Component Physical Designator: Old Designator=P4.11 New Designator=P20
Change Component Physical Designator: Old Designator=P4.12 New Designator=P16
Change Component Physical Designator: Old Designator=P4.13 New Designator=P8
Change Component Physical Designator: Old Designator=P4.14 New Designator=P7
Change Component Physical Designator: Old Designator=P4.15 New Designator=P6
Change Component Physical Designator: Old Designator=P4.16 New Designator=P5
Change Component Physical Designator: Old Designator=P4.17 New Designator=P4
Change Component Physical Designator: Old Designator=P5.7 New Designator=P10
Change Component Physical Designator: Old Designator=P6.7 New Designator=P11
Change Component Physical Designator: Old Designator=P7.23 New Designator=P19
Change Component Physical Designator: Old Designator=P8.21 New Designator=P18
Change Component Physical Designator: Old Designator=P9.21 New Designator=P17
Change Component Physical Designator: Old Designator=P10.1 New Designator=P12
Change Component Physical Designator: Old Designator=P11.1 New Designator=P14
Change Component Physical Designator: Old Designator=R1.1 New Designator=R20
Change Component Physical Designator: Old Designator=R1.2 New Designator=R8
Change Component Physical Designator: Old Designator=R1.3 New Designator=R5
Change Component Physical Designator: Old Designator=R2.19 New Designator=R3
Change Component Physical Designator: Old Designator=R3.19 New Designator=R1
Change Component Physical Designator: Old Designator=R4.22 New Designator=R26
Change Component Physical Designator: Old Designator=R5.22 New Designator=R27
Change Component Physical Designator: Old Designator=R6.9 New Designator=R2
Change Component Physical Designator: Old Designator=R6.10 New Designator=R23
Change Component Physical Designator: Old Designator=R6.11 New Designator=R30
Change Component Physical Designator: Old Designator=R6.12 New Designator=R28
Change Component Physical Designator: Old Designator=R6.13 New Designator=R16
Change Component Physical Designator: Old Designator=R6.14 New Designator=R13
Change Component Physical Designator: Old Designator=R6.15 New Designator=R12
Change Component Physical Designator: Old Designator=R6.16 New Designator=R9
Change Component Physical Designator: Old Designator=R6.17 New Designator=R7
Change Component Physical Designator: Old Designator=R7.9 New Designator=R4
Change Component Physical Designator: Old Designator=R7.10 New Designator=R24
Change Component Physical Designator: Old Designator=R7.11 New Designator=R31
Change Component Physical Designator: Old Designator=R7.12 New Designator=R29
Change Component Physical Designator: Old Designator=R7.13 New Designator=R15
Change Component Physical Designator: Old Designator=R7.14 New Designator=R14
Change Component Physical Designator: Old Designator=R7.15 New Designator=R11
Change Component Physical Designator: Old Designator=R7.16 New Designator=R10
Change Component Physical Designator: Old Designator=R7.17 New Designator=R18
Change Component Physical Designator: Old Designator=R8.4 New Designator=R19
Change Component Physical Designator: Old Designator=R9.4 New Designator=R22
Change Component Physical Designator: Old Designator=R10.4 New Designator=R17
Change Component Physical Designator: Old Designator=R11.4 New Designator=R25
Change Component Physical Designator: Old Designator=R12.4 New Designator=R6
Change Component Physical Designator: Old Designator=R13.4 New Designator=R21
Change Component Physical Designator: Old Designator=SW1.1 New Designator=SW1
Change Component Physical Designator: Old Designator=SW2.4 New Designator=SW4
Change Component Physical Designator: Old Designator=SW3.4 New Designator=SW2
Change Component Physical Designator: Old Designator=SW4.4 New Designator=SW3
Change Component Physical Designator: Old Designator=U1.1 New Designator=U1
Change Component Physical Designator: Old Designator=U2.18 New Designator=U6
Change Component Physical Designator: Old Designator=U3.22 New Designator=U5
Change Component Physical Designator: Old Designator=U4.7 New Designator=U2
Change Component Physical Designator: Old Designator=U5.4 New Designator=U4
Change Component Physical Designator: Old Designator=U6.23 New Designator=U8
Change Component Physical Designator: Old Designator=U7.5 New Designator=U3
Change Component Physical Designator: Old Designator=U7.6 New Designator=U7
Change Component Physical Designator: Old Designator=U7.24 New Designator=U9
Change Component Physical Designator: Old Designator=U8.20 New Designator=U10
Change Component Physical Designator: Old Designator=Y1.2 New Designator=Y1
