Change Component Physical Designator: Old Designator=C7.17 New Designator=C7.18
Change Component Physical Designator: Old Designator=C8.17 New Designator=C8.18
Change Component Physical Designator: Old Designator=C9.18 New Designator=C9.19
Change Component Physical Designator: Old Designator=C10.21 New Designator=C10.22
Change Component Physical Designator: Old Designator=C11.21 New Designator=C11.22
Change Component Physical Designator: Old Designator=C12.21 New Designator=C12.22
Change Component Physical Designator: Old Designator=C13.21 New Designator=C13.22
Change Component Physical Designator: Old Designator=C19.20 New Designator=C19.21
Change Component Physical Designator: Old Designator=C20.23 New Designator=C20.24
Change Component Physical Designator: Old Designator=C21.23 New Designator=C21.24
Change Component Physical Designator: Old Designator=C22.23 New Designator=C22.24
Change Component Physical Designator: Old Designator=P1.17 New Designator=P1.18
Change Component Physical Designator: Old Designator=P2.21 New Designator=P2.22
Change Component Physical Designator: Old Designator=P4I New Designator=P4.17
Change Component Physical Designator: Old Designator=P7.22 New Designator=P7.23
Change Component Physical Designator: Old Designator=P8.20 New Designator=P8.21
Change Component Physical Designator: Old Designator=P9.20 New Designator=P9.21
Change Component Physical Designator: Old Designator=P10 New Designator=P10.1
Change Component Physical Designator: Old Designator=P11 New Designator=P11.1
Change Component Physical Designator: Old Designator=R2.18 New Designator=R2.19
Change Component Physical Designator: Old Designator=R3.18 New Designator=R3.19
Change Component Physical Designator: Old Designator=R4.21 New Designator=R4.22
Change Component Physical Designator: Old Designator=R5.21 New Designator=R5.22
Change Component Physical Designator: Old Designator=R6I New Designator=R6.17
Change Component Physical Designator: Old Designator=R7I New Designator=R7.17
Change Component Physical Designator: Old Designator=U2.17 New Designator=U2.18
Change Component Physical Designator: Old Designator=U3.21 New Designator=U3.22
Change Component Physical Designator: Old Designator=U6.22 New Designator=U6.23
Change Component Physical Designator: Old Designator=U7.23 New Designator=U7.24
Change Component Physical Designator: Old Designator=U8.19 New Designator=U8.20
