Change Component Physical Designator: Old Designator=C1 New Designator=C4.2.1
Change Component Physical Designator: Old Designator=C2 New Designator=C2.1
Change Component Physical Designator: Old Designator=C2 New Designator=C4.2.2
Change Component Physical Designator: Old Designator=C3 New Designator=C3.2.1
Change Component Physical Designator: Old Designator=C4 New Designator=C3.2.2
Change Component Physical Designator: Old Designator=C5 New Designator=C1.1
Change Component Physical Designator: Old Designator=D1 New Designator=D1.1
Change Component Physical Designator: Old Designator=D2 New Designator=D4.3.1
Change Component Physical Designator: Old Designator=D3 New Designator=D4.3.2
Change Component Physical Designator: Old Designator=D4 New Designator=D3.2.1
Change Component Physical Designator: Old Designator=D5 New Designator=D3.2.2
Change Component Physical Designator: Old Designator=D6 New Designator=D2.2.1
Change Component Physical Designator: Old Designator=D7 New Designator=D2.2.2
Change Component Physical Designator: Old Designator=F1 New Designator=F1.1
Change Component Physical Designator: Old Designator=K1 New Designator=K1.3.1
Change Component Physical Designator: Old Designator=K2 New Designator=K1.3.2
Change Component Physical Designator: Old Designator=L1 New Designator=L1.2.1
Change Component Physical Designator: Old Designator=L2 New Designator=L1.2.2
Change Component Physical Designator: Old Designator=P1 New Designator=P3.1
Change Component Physical Designator: Old Designator=P2 New Designator=P2.1
Change Component Physical Designator: Old Designator=P2 New Designator=P1.1
Change Component Physical Designator: Old Designator=P3 New Designator=P4.1
Change Component Physical Designator: Old Designator=P4 New Designator=P9.1
Change Component Physical Designator: Old Designator=P5 New Designator=P8.1
Change Component Physical Designator: Old Designator=P6 New Designator=P7.1
Change Component Physical Designator: Old Designator=P7 New Designator=P10.4.2
Change Component Physical Designator: Old Designator=P8 New Designator=P10.4.1
Change Component Physical Designator: Old Designator=P9 New Designator=P10.4.3
Change Component Physical Designator: Old Designator=P10 New Designator=P6.1
Change Component Physical Designator: Old Designator=P11 New Designator=P5.1
Change Component Physical Designator: Old Designator=Q1 New Designator=Q1.3.1
Change Component Physical Designator: Old Designator=Q2 New Designator=Q1.3.2
Change Component Physical Designator: Old Designator=R1 New Designator=R4.4.2
Change Component Physical Designator: Old Designator=R2 New Designator=R4.4.1
Change Component Physical Designator: Old Designator=R3 New Designator=R4.4.3
Change Component Physical Designator: Old Designator=R4 New Designator=R2.2.1
Change Component Physical Designator: Old Designator=R5 New Designator=R2.2.2
Change Component Physical Designator: Old Designator=R6 New Designator=R3.4.2
Change Component Physical Designator: Old Designator=R7 New Designator=R3.4.1
Change Component Physical Designator: Old Designator=R8 New Designator=R3.4.3
Change Component Physical Designator: Old Designator=R9 New Designator=R1.2.1
Change Component Physical Designator: Old Designator=R10 New Designator=R1.2.2
Change Component Physical Designator: Old Designator=U1 New Designator=U1.4.2
Change Component Physical Designator: Old Designator=U2 New Designator=U1.4.1
Change Component Physical Designator: Old Designator=U3 New Designator=U1.4.3
