Added Pin To Net: NetName=GND Pin=P11-1
Added Pin To Net: NetName=PGD/SDA/SCK Pin=P11-2
Added Pin To Net: NetName=OUTPUT_VENTILATOR BAD Pin=P11-3
Added Pin To Net: NetName=GND Pin=P13-1
Added Pin To Net: NetName=PWM2/RB11 Pin=P13-2
Added Pin To Net: NetName=OUTPUT_LEDS WC Pin=P13-3
Added Pin To Net: NetName=GND Pin=P15-1
Added Pin To Net: NetName=PWM1/RB10 Pin=P15-2
Added Pin To Net: NetName=OUTPUT_LEDS BADKAMER Pin=P15-3
Added Pin To Net: NetName=GND Pin=R1-2
Added Pin To Net: NetName=GND Pin=R2-2
Added Pin To Net: NetName=GND Pin=R3-1
Added Pin To Net: NetName=PGD/SDA/SCK Pin=R3-2
Added Pin To Net: NetName=GND Pin=R4-1
Added Pin To Net: NetName=PWM2/RB11 Pin=R4-2
Added Pin To Net: NetName=GND Pin=R5-2
Added Pin To Net: NetName=GND Pin=R8-1
Added Pin To Net: NetName=PWM1/RB10 Pin=R8-2
Change Net Name : Old Net Name=NetC4.2.1_2 New Net Name=NetC1_2
Change Net Name : Old Net Name=NetC4.2.2_2 New Net Name=NetC2_2
Change Net Name : Old Net Name=NetD2.2.1_1 New Net Name=NetD4_1
Change Net Name : Old Net Name=NetD2.2.2_1 New Net Name=NetD5_1
Change Net Name : Old Net Name=NetD4.3.1_1 New Net Name=NetD1_1
Change Net Name : Old Net Name=NetD4.3.2_1 New Net Name=NetD2_1
Change Net Name : Old Net Name=NetF1.1_2 New Net Name=NetF1_2
Change Net Name : Old Net Name=NetK1.3.1_2 New Net Name=NetK1_2
Change Net Name : Old Net Name=NetK1.3.2_2 New Net Name=NetK2_2
Change Net Name : Old Net Name=NetL1.2.1_4 New Net Name=NetL2_4
Change Net Name : Old Net Name=NetL1.2.2_4 New Net Name=NetL1_4
Change Net Name : Old Net Name=NetP5.1_1 New Net Name=NetP5_1
Change Net Name : Old Net Name=NetP5.1_2 New Net Name=NetP5_2
Added Pin To Net: NetName=NetR1_1 Pin=R1-1
Added Pin To Net: NetName=NetR1_1 Pin=U2-3
Added Net: Name=NetR1_1
Added Pin To Net: NetName=NetR2_1 Pin=R2-1
Added Pin To Net: NetName=NetR2_1 Pin=U1-3
Added Net: Name=NetR2_1
Added Pin To Net: NetName=NetR5_1 Pin=R5-1
Added Pin To Net: NetName=NetR5_1 Pin=U3-3
Added Net: Name=NetR5_1
Added Class: Name=LEDS BADKAMER
Added Class: Name=LEDS WC
Added Class: Name=VENTILATOR BAD
